app/build/outputs/logs/manifest-merger-debug-report.txt
-- Merging decision tree log ---
manifest
ADDED from src\main\AndroidManifest.xml:2:1-44:12
	package
		ADDED from src\main\AndroidManifest.xml:3:5-40
		INJECTED from src\main\AndroidManifest.xml
		INJECTED from src\main\AndroidManifest.xml
	android:versionName
		ADDED from src\main\AndroidManifest.xml:5:5-30
		INJECTED from src\main\AndroidManifest.xml
		INJECTED from src\main\AndroidManifest.xml
	android:versionCode
		ADDED from src\main\AndroidManifest.xml:4:5-28
		INJECTED from src\main\AndroidManifest.xml
		INJECTED from src\main\AndroidManifest.xml
	xmlns:android
		ADDED from src\main\AndroidManifest.xml:2:11-69
uses-permission#android.permission.WRITE_EXTERNAL_STORAGE
ADDED from src\main\AndroidManifest.xml:7:5-81
	android:name
		ADDED from src\main\AndroidManifest.xml:7:22-78
uses-permission#android.permission.READ_EXTERNAL_STORAGE
ADDED from src\main\AndroidManifest.xml:8:5-80
	android:name
		ADDED from src\main\AndroidManifest.xml:8:22-77
application
ADDED from src\main\AndroidManifest.xml:10:5-42:19
MERGED from [com.android.support:design:23.4.0] AndroidManifest.xml:22:5-20
MERGED from [com.android.support:support-v4:23.4.0] AndroidManifest.xml:22:5-20
MERGED from [com.android.support:appcompat-v7:23.4.0] AndroidManifest.xml:25:5-20
MERGED from [com.android.support:animated-vector-drawable:23.4.0] AndroidManifest.xml:7:5-20
MERGED from [com.android.support:support-vector-drawable:23.4.0] AndroidManifest.xml:7:5-20
	android:label
		ADDED from src\main\AndroidManifest.xml:13:9-41
	android:supportsRtl
		ADDED from src\main\AndroidManifest.xml:14:9-35
	android:allowBackup
		ADDED from src\main\AndroidManifest.xml:11:9-35
	android:icon
		ADDED from src\main\AndroidManifest.xml:12:9-43
	android:largeHeap
		ADDED from src\main\AndroidManifest.xml:16:9-33
	android:theme
		ADDED from src\main\AndroidManifest.xml:15:9-40
activity#com.equationl.videoshoter.Main2Activity
ADDED from src\main\AndroidManifest.xml:19:9-28:20
	android:label
		ADDED from src\main\AndroidManifest.xml:21:13-45
	android:theme
		ADDED from src\main\AndroidManifest.xml:22:13-56
	android:name
		ADDED from src\main\AndroidManifest.xml:20:13-42
intent-filter#android.intent.action.MAIN+android.intent.category.LAUNCHER
ADDED from src\main\AndroidManifest.xml:23:13-27:29
action#android.intent.action.MAIN
ADDED from src\main\AndroidManifest.xml:24:17-69
	android:name
		ADDED from src\main\AndroidManifest.xml:24:25-66
category#android.intent.category.LAUNCHER
ADDED from src\main\AndroidManifest.xml:26:17-77
	android:name
		ADDED from src\main\AndroidManifest.xml:26:27-74
activity#com.equationl.videoshoter.MainActivity
ADDED from src\main\AndroidManifest.xml:29:9-59
	android:name
		ADDED from src\main\AndroidManifest.xml:29:19-47
activity#com.equationl.videoshoter.chooseActivity
ADDED from src\main\AndroidManifest.xml:30:9-34:58
	android:screenOrientation
		ADDED from src\main\AndroidManifest.xml:33:13-49
	android:configChanges
		ADDED from src\main\AndroidManifest.xml:32:13-68
	android:theme
		ADDED from src\main\AndroidManifest.xml:34:13-55
	android:name
		ADDED from src\main\AndroidManifest.xml:31:13-43
activity#com.equationl.videoshoter.makePictureActivity
ADDED from src\main\AndroidManifest.xml:35:9-37:72
	android:theme
		ADDED from src\main\AndroidManifest.xml:37:13-69
	android:name
		ADDED from src\main\AndroidManifest.xml:36:13-48
activity#com.equationl.videoshoter.buildPictureActivity
ADDED from src\main\AndroidManifest.xml:38:9-58
	android:name
		ADDED from src\main\AndroidManifest.xml:38:19-55
activity#com.equationl.videoshoter.SettingsActivity
ADDED from src\main\AndroidManifest.xml:39:9-41:72
	android:label
		ADDED from src\main\AndroidManifest.xml:41:13-60
	android:name
		ADDED from src\main\AndroidManifest.xml:40:13-45
uses-sdk
INJECTED from src\main\AndroidManifest.xml reason: use-sdk injection requested
MERGED from [com.android.support:design:23.4.0] AndroidManifest.xml:20:5-43
MERGED from [com.android.support:recyclerview-v7:23.4.0] AndroidManifest.xml:20:5-43
MERGED from [com.android.support:support-v4:23.4.0] AndroidManifest.xml:20:5-43
MERGED from [com.android.support:appcompat-v7:23.4.0] AndroidManifest.xml:21:5-23:78
MERGED from [com.android.support:animated-vector-drawable:23.4.0] AndroidManifest.xml:5:5-44
MERGED from [com.android.support:support-vector-drawable:23.4.0] AndroidManifest.xml:5:5-43
	tools:overrideLibrary
		ADDED from [com.android.support:appcompat-v7:23.4.0] AndroidManifest.xml:23:9-75
	android:targetSdkVersion
		INJECTED from src\main\AndroidManifest.xml
		INJECTED from src\main\AndroidManifest.xml
	android:minSdkVersion
		INJECTED from src\main\AndroidManifest.xml
		INJECTED from src\main\AndroidManifest.xml